2025-08-28 21:58:14 INFO  JdbcUtilConnection:33 - class com.mysql.cj.jdbc.Driver
2025-08-28 21:58:14 INFO  loginController:45 - LoginController : Inside the post methd
2025-08-28 21:58:17 INFO  loginController:61 - Login user
2025-08-28 21:58:17 INFO  ListOfProductController:59 - Fetched products: 10
2025-08-28 21:58:17 INFO  ListOfProductController:60 - Page: 1, Offset: 0
2025-08-28 21:58:23 INFO  OrderDaoImpl:45 - SUCESS : User Inserted Sucessfully...!
2025-08-28 21:58:28 INFO  CancelOrderController:44 - OrderId -: 92
2025-08-28 21:58:28 INFO  OrderDaoImpl:130 - SUCCESS: Order deleted successfully.
2025-08-28 21:59:30 INFO  JdbcUtilConnection:33 - class com.mysql.cj.jdbc.Driver
2025-08-28 21:59:30 INFO  loginController:45 - LoginController : Inside the post methd
2025-08-28 21:59:32 INFO  loginController:61 - Login user
2025-08-28 21:59:33 INFO  ListOfProductController:59 - Fetched products: 10
2025-08-28 21:59:33 INFO  ListOfProductController:60 - Page: 1, Offset: 0
2025-08-28 21:59:37 INFO  OrderDaoImpl:45 - SUCESS : User Inserted Sucessfully...!
2025-08-28 21:59:41 INFO  CancelOrderController:44 - OrderId -: 75
2025-08-28 21:59:41 INFO  OrderDaoImpl:130 - SUCCESS: Order deleted successfully.
2025-09-01 16:13:38 INFO  JdbcUtilConnection:33 - class com.mysql.cj.jdbc.Driver
2025-09-01 16:13:38 INFO  loginController:45 - LoginController : Inside the post methd
2025-09-01 16:13:40 INFO  loginController:61 - Login user
2025-09-01 16:13:40 INFO  ListOfProductController:59 - Fetched products: 10
2025-09-01 16:13:40 INFO  ListOfProductController:60 - Page: 1, Offset: 0
2025-09-01 16:13:43 INFO  OrderDaoImpl:45 - SUCESS : User Inserted Sucessfully...!
2025-09-01 16:13:47 INFO  CancelOrderController:44 - OrderId -: 111
2025-09-01 16:13:47 INFO  OrderDaoImpl:130 - SUCCESS: Order deleted successfully.
2025-09-01 16:13:49 INFO  ListOfProductController:59 - Fetched products: 10
2025-09-01 16:13:49 INFO  ListOfProductController:60 - Page: 1, Offset: 0
2025-09-01 17:18:47 INFO  JdbcUtilConnection:33 - class com.mysql.cj.jdbc.Driver
2025-09-01 17:18:47 INFO  loginController:45 - LoginController : Inside the post methd
2025-09-01 17:18:49 INFO  loginController:61 - Login user
2025-09-01 17:18:49 INFO  ListOfProductController:59 - Fetched products: 10
2025-09-01 17:18:49 INFO  ListOfProductController:60 - Page: 1, Offset: 0
2025-09-01 17:18:54 INFO  ListOfProductController:59 - Fetched products: 10
2025-09-01 17:18:54 INFO  ListOfProductController:60 - Page: 1, Offset: 0
2025-09-01 17:39:30 INFO  JdbcUtilConnection:33 - class com.mysql.cj.jdbc.Driver
2025-09-01 17:39:30 INFO  loginController:45 - LoginController : Inside the post methd
2025-09-01 17:39:31 INFO  loginController:61 - Login user
2025-09-01 17:39:31 INFO  ListOfProductController:59 - Fetched products: 10
2025-09-01 17:39:31 INFO  ListOfProductController:60 - Page: 1, Offset: 0
2025-09-01 17:39:52 INFO  ListOfProductController:59 - Fetched products: 10
2025-09-01 17:39:52 INFO  ListOfProductController:60 - Page: 1, Offset: 0
2025-09-01 17:40:18 INFO  ListOfProductController:59 - Fetched products: 10
2025-09-01 17:40:18 INFO  ListOfProductController:60 - Page: 1, Offset: 0
2025-09-01 17:40:44 INFO  ListOfProductController:59 - Fetched products: 10
2025-09-01 17:40:44 INFO  ListOfProductController:60 - Page: 1, Offset: 0
2025-09-01 17:41:54 INFO  ListOfProductController:59 - Fetched products: 10
2025-09-01 17:41:54 INFO  ListOfProductController:60 - Page: 1, Offset: 0
2025-09-01 17:42:30 INFO  loginController:45 - LoginController : Inside the post methd
2025-09-01 17:42:30 INFO  loginController:61 - Login user
2025-09-01 17:42:30 INFO  ListOfProductController:59 - Fetched products: 10
2025-09-01 17:42:30 INFO  ListOfProductController:60 - Page: 1, Offset: 0
2025-09-01 17:42:59 INFO  ListOfProductController:59 - Fetched products: 10
2025-09-01 17:42:59 INFO  ListOfProductController:60 - Page: 1, Offset: 0
2025-09-01 17:43:42 INFO  loginController:45 - LoginController : Inside the post methd
2025-09-01 17:43:42 INFO  loginController:61 - Login user
2025-09-01 17:44:24 INFO  loginController:45 - LoginController : Inside the post methd
2025-09-01 17:44:35 INFO  loginController:45 - LoginController : Inside the post methd
2025-09-01 17:44:35 INFO  loginController:61 - Login user
2025-09-01 17:45:13 INFO  loginController:45 - LoginController : Inside the post methd
2025-09-01 17:45:13 INFO  loginController:61 - Login user
2025-09-01 17:45:28 INFO  loginController:45 - LoginController : Inside the post methd
2025-09-01 17:45:28 INFO  loginController:61 - Login user
2025-09-01 17:45:28 INFO  ListOfProductController:59 - Fetched products: 10
2025-09-01 17:45:28 INFO  ListOfProductController:60 - Page: 1, Offset: 0
2025-09-01 17:45:33 INFO  OrderDaoImpl:45 - SUCESS : User Inserted Sucessfully...!
2025-09-01 17:47:08 INFO  ListOfProductController:59 - Fetched products: 10
2025-09-01 17:47:08 INFO  ListOfProductController:60 - Page: 1, Offset: 0
2025-09-01 17:48:15 INFO  ListOfProductController:59 - Fetched products: 10
2025-09-01 17:48:15 INFO  ListOfProductController:60 - Page: 1, Offset: 0
2025-09-01 17:51:13 INFO  JdbcUtilConnection:33 - class com.mysql.cj.jdbc.Driver
2025-09-01 17:51:13 INFO  loginController:45 - LoginController : Inside the post methd
2025-09-01 17:51:15 INFO  loginController:61 - Login user
2025-09-01 17:51:15 INFO  ListOfProductController:59 - Fetched products: 10
2025-09-01 17:51:15 INFO  ListOfProductController:60 - Page: 1, Offset: 0
2025-09-01 17:51:19 INFO  OrderDaoImpl:45 - SUCESS : User Inserted Sucessfully...!
2025-09-01 17:51:23 INFO  CancelOrderController:44 - OrderId -: 113
2025-09-01 17:51:23 INFO  OrderDaoImpl:130 - SUCCESS: Order deleted successfully.
2025-09-01 17:51:44 INFO  loginController:45 - LoginController : Inside the post methd
2025-09-01 17:51:44 INFO  loginController:61 - Login user
2025-09-01 18:02:23 INFO  JdbcUtilConnection:33 - class com.mysql.cj.jdbc.Driver
2025-09-01 18:02:23 INFO  loginController:45 - LoginController : Inside the post methd
2025-09-01 18:02:26 INFO  loginController:61 - Login user
2025-09-01 18:02:26 INFO  ListOfProductController:59 - Fetched products: 10
2025-09-01 18:02:26 INFO  ListOfProductController:60 - Page: 1, Offset: 0
2025-09-01 18:02:52 INFO  OrderDaoImpl:45 - SUCESS : User Inserted Sucessfully...!
2025-09-01 18:02:56 INFO  ListOfProductController:59 - Fetched products: 10
2025-09-01 18:02:56 INFO  ListOfProductController:60 - Page: 1, Offset: 0
2025-09-01 18:03:09 INFO  JdbcUtilConnection:33 - class com.mysql.cj.jdbc.Driver
2025-09-01 18:05:45 INFO  JdbcUtilConnection:33 - class com.mysql.cj.jdbc.Driver
2025-09-01 18:06:35 INFO  loginController:45 - LoginController : Inside the post methd
2025-09-01 18:06:35 INFO  loginController:61 - Login user
2025-09-01 18:07:12 INFO  loginController:45 - LoginController : Inside the post methd
2025-09-01 18:07:12 INFO  loginController:61 - Login user
2025-09-01 18:07:12 INFO  ListOfProductController:59 - Fetched products: 10
2025-09-01 18:07:12 INFO  ListOfProductController:60 - Page: 1, Offset: 0
2025-09-01 18:07:25 INFO  ListOfProductController:59 - Fetched products: 10
2025-09-01 18:07:25 INFO  ListOfProductController:60 - Page: 1, Offset: 0
2025-09-01 18:08:29 INFO  OrderDaoImpl:45 - SUCESS : User Inserted Sucessfully...!
2025-09-01 18:12:05 INFO  CancelOrderController:44 - OrderId -: 115
2025-09-01 18:12:05 INFO  OrderDaoImpl:130 - SUCCESS: Order deleted successfully.
2025-09-01 18:12:12 INFO  ListOfProductController:59 - Fetched products: 10
2025-09-01 18:12:12 INFO  ListOfProductController:60 - Page: 1, Offset: 0
2025-09-01 18:12:16 INFO  OrderDaoImpl:45 - SUCESS : User Inserted Sucessfully...!
2025-09-01 18:13:33 INFO  ListOfProductController:59 - Fetched products: 10
2025-09-01 18:13:33 INFO  ListOfProductController:60 - Page: 1, Offset: 0
2025-09-01 18:13:44 INFO  loginController:45 - LoginController : Inside the post methd
2025-09-01 18:13:44 INFO  loginController:61 - Login user
2025-09-01 18:13:57 INFO  ListOfProductController:59 - Fetched products: 10
2025-09-01 18:13:57 INFO  ListOfProductController:60 - Page: 1, Offset: 0
2025-09-01 18:14:01 INFO  ListOfProductController:59 - Fetched products: 10
2025-09-01 18:14:01 INFO  ListOfProductController:60 - Page: 2, Offset: 10
2025-09-01 18:14:16 INFO  ListOfProductController:59 - Fetched products: 10
2025-09-01 18:14:16 INFO  ListOfProductController:60 - Page: 1, Offset: 0
2025-09-01 18:17:43 INFO  JdbcUtilConnection:33 - class com.mysql.cj.jdbc.Driver
2025-09-01 18:17:43 INFO  loginController:45 - LoginController : Inside the post methd
2025-09-01 18:17:45 INFO  loginController:61 - Login user
2025-09-01 18:17:45 INFO  ListOfProductController:59 - Fetched products: 10
2025-09-01 18:17:45 INFO  ListOfProductController:60 - Page: 1, Offset: 0
2025-09-01 18:17:51 INFO  ListOfProductController:59 - Fetched products: 5
2025-09-01 18:17:51 INFO  ListOfProductController:60 - Page: 5, Offset: 40
2025-09-01 18:17:58 INFO  OrderDaoImpl:45 - SUCESS : User Inserted Sucessfully...!
2025-09-01 18:18:33 INFO  ListOfProductController:59 - Fetched products: 10
2025-09-01 18:18:33 INFO  ListOfProductController:60 - Page: 1, Offset: 0
2025-09-01 18:19:22 INFO  OrderDaoImpl:45 - SUCESS : User Inserted Sucessfully...!
2025-09-01 18:20:59 INFO  loginController:45 - LoginController : Inside the post methd
2025-09-01 18:20:59 INFO  loginController:61 - Login user
2025-09-01 18:34:24 INFO  JdbcUtilConnection:33 - class com.mysql.cj.jdbc.Driver
2025-09-01 18:34:24 INFO  loginController:45 - LoginController : Inside the post methd
2025-09-01 18:34:26 INFO  loginController:45 - LoginController : Inside the post methd
2025-09-01 18:34:27 INFO  loginController:61 - Login user
2025-09-01 18:34:27 INFO  loginController:61 - Login user
2025-09-01 18:34:27 INFO  ListOfProductController:59 - Fetched products: 10
2025-09-01 18:34:27 INFO  ListOfProductController:60 - Page: 1, Offset: 0
2025-09-01 18:34:36 INFO  ListOfProductController:59 - Fetched products: 10
2025-09-01 18:34:36 INFO  ListOfProductController:60 - Page: 1, Offset: 0
2025-09-02 10:11:21 INFO  JdbcUtilConnection:33 - class com.mysql.cj.jdbc.Driver
2025-09-02 10:11:21 INFO  loginController:45 - LoginController : Inside the post methd
2025-09-02 10:11:22 INFO  loginController:61 - Login user
2025-09-02 10:11:22 INFO  ListOfProductController:59 - Fetched products: 10
2025-09-02 10:11:22 INFO  ListOfProductController:60 - Page: 1, Offset: 0
2025-09-02 10:11:54 INFO  loginController:45 - LoginController : Inside the post methd
2025-09-02 10:11:54 INFO  loginController:61 - Login user
2025-09-02 10:12:07 INFO  ListOfProductController:59 - Fetched products: 10
2025-09-02 10:12:07 INFO  ListOfProductController:60 - Page: 1, Offset: 0
2025-09-02 10:12:13 INFO  ListOfProductController:59 - Fetched products: 10
2025-09-02 10:12:13 INFO  ListOfProductController:60 - Page: 2, Offset: 10
2025-09-02 10:12:15 INFO  ListOfProductController:59 - Fetched products: 10
2025-09-02 10:12:15 INFO  ListOfProductController:60 - Page: 3, Offset: 20
2025-09-02 10:12:16 INFO  ListOfProductController:59 - Fetched products: 10
2025-09-02 10:12:16 INFO  ListOfProductController:60 - Page: 4, Offset: 30
2025-09-02 10:12:18 INFO  ListOfProductController:59 - Fetched products: 5
2025-09-02 10:12:18 INFO  ListOfProductController:60 - Page: 5, Offset: 40
2025-09-02 12:20:08 INFO  JdbcUtilConnection:33 - class com.mysql.cj.jdbc.Driver
2025-09-02 12:20:08 INFO  loginController:45 - LoginController : Inside the post methd
2025-09-02 12:20:12 INFO  loginController:61 - Login user
2025-09-02 12:20:12 INFO  ListOfProductController:59 - Fetched products: 10
2025-09-02 12:20:12 INFO  ListOfProductController:60 - Page: 1, Offset: 0
2025-09-02 12:20:19 INFO  ListOfProductController:59 - Fetched products: 10
2025-09-02 12:20:19 INFO  ListOfProductController:60 - Page: 2, Offset: 10
2025-09-02 12:20:22 INFO  ListOfProductController:59 - Fetched products: 10
2025-09-02 12:20:22 INFO  ListOfProductController:60 - Page: 3, Offset: 20
2025-09-02 12:20:24 INFO  ListOfProductController:59 - Fetched products: 10
2025-09-02 12:20:24 INFO  ListOfProductController:60 - Page: 4, Offset: 30
2025-09-02 12:20:26 INFO  ListOfProductController:59 - Fetched products: 5
2025-09-02 12:20:26 INFO  ListOfProductController:60 - Page: 5, Offset: 40
2025-09-02 12:20:34 INFO  OrderDaoImpl:45 - SUCESS : User Inserted Sucessfully...!
2025-09-02 12:20:49 INFO  OrderDaoImpl:45 - SUCESS : User Inserted Sucessfully...!
2025-09-02 12:21:12 INFO  CancelOrderController:44 - OrderId -: 120
2025-09-02 12:21:12 INFO  OrderDaoImpl:130 - SUCCESS: Order deleted successfully.
2025-09-02 12:21:35 INFO  ListOfProductController:59 - Fetched products: 10
2025-09-02 12:21:35 INFO  ListOfProductController:60 - Page: 1, Offset: 0
2025-09-02 12:21:40 INFO  OrderDaoImpl:45 - SUCESS : User Inserted Sucessfully...!
2025-09-02 12:21:47 INFO  CancelOrderController:44 - OrderId -: 119
2025-09-02 12:21:47 INFO  OrderDaoImpl:130 - SUCCESS: Order deleted successfully.
2025-09-02 12:22:07 INFO  ListOfProductController:59 - Fetched products: 10
2025-09-02 12:22:07 INFO  ListOfProductController:60 - Page: 1, Offset: 0
2025-09-02 12:22:48 INFO  loginController:45 - LoginController : Inside the post methd
2025-09-02 12:22:48 INFO  loginController:61 - Login user
2025-09-02 12:22:48 INFO  ListOfProductController:59 - Fetched products: 10
2025-09-02 12:22:48 INFO  ListOfProductController:60 - Page: 1, Offset: 0
2025-09-02 12:22:54 INFO  OrderDaoImpl:45 - SUCESS : User Inserted Sucessfully...!
2025-09-02 12:23:02 INFO  ListOfProductController:59 - Fetched products: 10
2025-09-02 12:23:02 INFO  ListOfProductController:60 - Page: 1, Offset: 0
2025-09-02 12:23:10 INFO  OrderDaoImpl:45 - SUCESS : User Inserted Sucessfully...!
2025-09-02 12:23:26 INFO  CancelOrderController:44 - OrderId -: 114
2025-09-02 12:23:26 INFO  OrderDaoImpl:130 - SUCCESS: Order deleted successfully.
2025-09-02 12:24:08 INFO  ListOfProductController:59 - Fetched products: 10
2025-09-02 12:24:08 INFO  ListOfProductController:60 - Page: 1, Offset: 0
2025-09-02 12:24:22 INFO  loginController:45 - LoginController : Inside the post methd
2025-09-02 12:24:22 INFO  loginController:61 - Login user
2025-09-02 12:26:04 INFO  ListOfProductController:59 - Fetched products: 10
2025-09-02 12:26:04 INFO  ListOfProductController:60 - Page: 1, Offset: 0
2025-09-02 12:26:18 INFO  loginController:45 - LoginController : Inside the post methd
2025-09-02 12:26:18 INFO  loginController:61 - Login user
2025-09-02 12:27:49 INFO  loginController:45 - LoginController : Inside the post methd
2025-09-02 12:27:49 INFO  loginController:61 - Login user
2025-09-02 12:27:49 INFO  ListOfProductController:59 - Fetched products: 10
2025-09-02 12:27:49 INFO  ListOfProductController:60 - Page: 1, Offset: 0
2025-09-02 12:27:59 INFO  ListOfProductController:59 - Fetched products: 10
2025-09-02 12:27:59 INFO  ListOfProductController:60 - Page: 1, Offset: 0
2025-09-02 12:28:39 INFO  ListOfProductController:59 - Fetched products: 10
2025-09-02 12:28:39 INFO  ListOfProductController:60 - Page: 1, Offset: 0
2025-09-02 12:29:40 INFO  loginController:45 - LoginController : Inside the post methd
2025-09-02 12:29:41 INFO  loginController:61 - Login user
2025-09-02 12:29:41 INFO  ListOfProductController:59 - Fetched products: 10
2025-09-02 12:29:41 INFO  ListOfProductController:60 - Page: 1, Offset: 0
2025-09-02 12:29:56 INFO  ListOfProductController:59 - Fetched products: 10
2025-09-02 12:29:56 INFO  ListOfProductController:60 - Page: 1, Offset: 0
2025-09-02 12:39:36 INFO  loginController:45 - LoginController : Inside the post methd
2025-09-02 12:39:36 INFO  loginController:61 - Login user
2025-09-02 12:39:36 INFO  ListOfProductController:59 - Fetched products: 10
2025-09-02 12:39:36 INFO  ListOfProductController:60 - Page: 1, Offset: 0
2025-09-02 12:39:49 INFO  OrderDaoImpl:45 - SUCESS : User Inserted Sucessfully...!
2025-09-02 12:40:13 INFO  loginController:45 - LoginController : Inside the post methd
2025-09-02 12:40:13 INFO  loginController:61 - Login user
2025-09-02 12:41:17 INFO  loginController:45 - LoginController : Inside the post methd
2025-09-02 12:41:17 INFO  loginController:61 - Login user
2025-09-02 13:22:10 INFO  JdbcUtilConnection:33 - class com.mysql.cj.jdbc.Driver
2025-09-02 13:22:10 INFO  loginController:45 - LoginController : Inside the post methd
2025-09-02 13:22:13 INFO  loginController:61 - Login user
2025-09-02 13:27:42 INFO  loginController:45 - LoginController : Inside the post methd
2025-09-02 13:27:42 INFO  loginController:61 - Login user
2025-09-02 13:31:40 INFO  loginController:45 - LoginController : Inside the post methd
2025-09-02 13:31:40 INFO  loginController:61 - Login user
2025-09-02 13:32:21 INFO  loginController:45 - LoginController : Inside the post methd
2025-09-02 13:32:21 INFO  loginController:61 - Login user
2025-09-02 13:32:52 INFO  JdbcUtilConnection:33 - class com.mysql.cj.jdbc.Driver
2025-09-02 13:32:52 INFO  loginController:45 - LoginController : Inside the post methd
2025-09-02 13:32:55 INFO  loginController:61 - Login user
2025-09-02 13:32:58 INFO  ListOfProductController:59 - Fetched products: 10
2025-09-02 13:32:58 INFO  ListOfProductController:60 - Page: 1, Offset: 0
2025-09-02 13:39:36 INFO  JdbcUtilConnection:33 - class com.mysql.cj.jdbc.Driver
2025-09-02 13:39:36 INFO  loginController:45 - LoginController : Inside the post methd
2025-09-02 13:39:39 INFO  loginController:61 - Login user
2025-09-02 13:39:44 INFO  ListOfProductController:59 - Fetched products: 10
2025-09-02 13:39:44 INFO  ListOfProductController:60 - Page: 1, Offset: 0
2025-09-02 13:40:12 INFO  ListOfProductController:59 - Fetched products: 10
2025-09-02 13:40:12 INFO  ListOfProductController:60 - Page: 1, Offset: 0
2025-09-02 13:47:50 INFO  ListOfProductController:59 - Fetched products: 10
2025-09-02 13:47:50 INFO  ListOfProductController:60 - Page: 1, Offset: 0
2025-09-02 13:47:56 INFO  OrderDaoImpl:45 - SUCESS : User Inserted Sucessfully...!
2025-09-02 13:48:47 INFO  ListOfProductController:59 - Fetched products: 10
2025-09-02 13:48:47 INFO  ListOfProductController:60 - Page: 1, Offset: 0
2025-09-02 13:49:28 INFO  ListOfProductController:59 - Fetched products: 10
2025-09-02 13:49:28 INFO  ListOfProductController:60 - Page: 1, Offset: 0
2025-09-02 13:50:00 INFO  loginController:45 - LoginController : Inside the post methd
2025-09-02 13:50:00 INFO  loginController:61 - Login user
2025-09-02 13:50:01 INFO  ListOfProductController:59 - Fetched products: 10
2025-09-02 13:50:01 INFO  ListOfProductController:60 - Page: 1, Offset: 0
2025-09-02 13:50:13 INFO  loginController:45 - LoginController : Inside the post methd
2025-09-02 13:50:13 INFO  loginController:61 - Login user
2025-09-02 13:55:13 INFO  ListOfProductController:59 - Fetched products: 10
2025-09-02 13:55:13 INFO  ListOfProductController:60 - Page: 1, Offset: 0
2025-09-02 13:55:30 INFO  loginController:45 - LoginController : Inside the post methd
2025-09-02 13:55:30 INFO  loginController:61 - Login user
2025-09-02 13:59:29 INFO  ListOfProductController:59 - Fetched products: 10
2025-09-02 13:59:29 INFO  ListOfProductController:60 - Page: 1, Offset: 0
2025-09-02 14:01:01 INFO  ListOfProductController:59 - Fetched products: 10
2025-09-02 14:01:01 INFO  ListOfProductController:60 - Page: 1, Offset: 0
2025-09-02 14:01:04 INFO  ListOfProductController:59 - Fetched products: 10
2025-09-02 14:01:04 INFO  ListOfProductController:60 - Page: 1, Offset: 0
2025-09-02 14:01:10 INFO  ListOfProductController:59 - Fetched products: 10
2025-09-02 14:01:10 INFO  ListOfProductController:60 - Page: 1, Offset: 0
2025-09-02 14:01:29 INFO  loginController:45 - LoginController : Inside the post methd
2025-09-02 14:01:29 INFO  loginController:61 - Login user
2025-09-02 14:01:33 INFO  ListOfProductController:59 - Fetched products: 10
2025-09-02 14:01:33 INFO  ListOfProductController:60 - Page: 1, Offset: 0
2025-09-02 14:02:35 INFO  ListOfProductController:59 - Fetched products: 10
2025-09-02 14:02:35 INFO  ListOfProductController:60 - Page: 1, Offset: 0
2025-09-02 14:02:39 INFO  ListOfProductController:59 - Fetched products: 10
2025-09-02 14:02:39 INFO  ListOfProductController:60 - Page: 1, Offset: 0
2025-09-02 14:02:42 INFO  ListOfProductController:59 - Fetched products: 10
2025-09-02 14:02:42 INFO  ListOfProductController:60 - Page: 1, Offset: 0
2025-09-02 14:02:51 INFO  ListOfProductController:59 - Fetched products: 10
2025-09-02 14:02:51 INFO  ListOfProductController:60 - Page: 1, Offset: 0
2025-09-02 14:10:35 INFO  CancelOrderController:44 - OrderId -: 82
2025-09-02 14:10:35 INFO  OrderDaoImpl:130 - SUCCESS: Order deleted successfully.
2025-09-02 14:11:46 INFO  CancelOrderController:44 - OrderId -: 87
2025-09-02 14:11:46 INFO  OrderDaoImpl:130 - SUCCESS: Order deleted successfully.
2025-09-02 14:13:16 INFO  ListOfProductController:59 - Fetched products: 10
2025-09-02 14:13:16 INFO  ListOfProductController:60 - Page: 1, Offset: 0
2025-09-02 14:13:29 INFO  CancelOrderController:44 - OrderId -: 90
2025-09-02 14:13:29 INFO  OrderDaoImpl:130 - SUCCESS: Order deleted successfully.
2025-09-02 14:13:47 INFO  CancelOrderController:44 - OrderId -: 91
2025-09-02 14:13:47 INFO  OrderDaoImpl:130 - SUCCESS: Order deleted successfully.
2025-09-02 14:13:47 INFO  CancelOrderController:44 - OrderId -: 93
2025-09-02 14:13:47 INFO  OrderDaoImpl:130 - SUCCESS: Order deleted successfully.
2025-09-02 14:13:49 INFO  CancelOrderController:44 - OrderId -: 94
2025-09-02 14:13:49 INFO  OrderDaoImpl:130 - SUCCESS: Order deleted successfully.
2025-09-02 14:15:14 INFO  loginController:45 - LoginController : Inside the post methd
2025-09-02 14:15:14 INFO  loginController:61 - Login user
2025-09-02 14:15:47 INFO  ListOfProductController:59 - Fetched products: 10
2025-09-02 14:15:47 INFO  ListOfProductController:60 - Page: 1, Offset: 0
2025-09-02 14:20:25 INFO  loginController:45 - LoginController : Inside the post methd
2025-09-02 14:20:25 INFO  loginController:61 - Login user
2025-09-02 14:21:14 INFO  loginController:45 - LoginController : Inside the post methd
2025-09-02 14:21:14 INFO  loginController:61 - Login user
2025-09-02 14:21:45 INFO  JdbcUtilConnection:33 - class com.mysql.cj.jdbc.Driver
2025-09-02 14:21:45 INFO  loginController:45 - LoginController : Inside the post methd
2025-09-02 14:21:48 INFO  loginController:61 - Login user
2025-09-02 14:23:28 INFO  ListOfProductController:59 - Fetched products: 10
2025-09-02 14:23:28 INFO  ListOfProductController:60 - Page: 1, Offset: 0
2025-09-02 14:23:34 INFO  ListOfProductController:59 - Fetched products: 10
2025-09-02 14:23:34 INFO  ListOfProductController:60 - Page: 1, Offset: 0
2025-09-02 14:24:56 INFO  ListOfProductController:59 - Fetched products: 10
2025-09-02 14:24:56 INFO  ListOfProductController:60 - Page: 1, Offset: 0
2025-09-02 14:25:24 INFO  ListOfProductController:59 - Fetched products: 10
2025-09-02 14:25:24 INFO  ListOfProductController:60 - Page: 1, Offset: 0
2025-09-02 14:25:53 INFO  ListOfProductController:59 - Fetched products: 10
2025-09-02 14:25:53 INFO  ListOfProductController:60 - Page: 1, Offset: 0
2025-09-02 14:51:54 INFO  JdbcUtilConnection:33 - class com.mysql.cj.jdbc.Driver
2025-09-02 14:51:54 INFO  loginController:45 - LoginController : Inside the post methd
2025-09-02 14:51:55 INFO  loginController:61 - Login user
2025-09-02 14:52:59 INFO  ListOfProductController:59 - Fetched products: 10
2025-09-02 14:52:59 INFO  ListOfProductController:60 - Page: 1, Offset: 0
2025-09-02 15:04:07 INFO  JdbcUtilConnection:33 - class com.mysql.cj.jdbc.Driver
2025-09-02 15:34:28 INFO  loginController:45 - LoginController : Inside the post methd
2025-09-02 15:34:28 INFO  loginController:61 - Login user
2025-09-02 15:36:29 INFO  loginController:45 - LoginController : Inside the post methd
2025-09-02 15:36:29 INFO  loginController:61 - Login user
2025-09-02 15:36:42 INFO  ListOfProductController:59 - Fetched products: 10
2025-09-02 15:36:42 INFO  ListOfProductController:60 - Page: 1, Offset: 0
2025-09-02 15:37:35 INFO  loginController:45 - LoginController : Inside the post methd
2025-09-02 15:37:35 INFO  loginController:61 - Login user
2025-09-02 15:38:23 INFO  loginController:45 - LoginController : Inside the post methd
2025-09-02 15:38:23 INFO  loginController:61 - Login user
2025-09-02 15:38:28 INFO  ListOfProductController:59 - Fetched products: 10
2025-09-02 15:38:28 INFO  ListOfProductController:60 - Page: 1, Offset: 0
2025-09-02 15:40:11 INFO  loginController:45 - LoginController : Inside the post methd
2025-09-02 15:40:11 INFO  loginController:61 - Login user
2025-09-02 15:46:32 INFO  ListOfProductController:59 - Fetched products: 10
2025-09-02 15:46:32 INFO  ListOfProductController:60 - Page: 1, Offset: 0
2025-09-02 15:51:06 INFO  loginController:45 - LoginController : Inside the post methd
2025-09-02 15:51:15 INFO  loginController:45 - LoginController : Inside the post methd
2025-09-02 15:51:15 INFO  loginController:61 - Login user
2025-09-02 15:52:19 INFO  ListOfProductController:59 - Fetched products: 10
2025-09-02 15:52:19 INFO  ListOfProductController:60 - Page: 1, Offset: 0
2025-09-02 15:54:05 INFO  ListOfProductController:59 - Fetched products: 10
2025-09-02 15:54:05 INFO  ListOfProductController:60 - Page: 1, Offset: 0
2025-09-02 15:54:20 INFO  loginController:45 - LoginController : Inside the post methd
2025-09-02 15:54:20 INFO  loginController:61 - Login user
2025-09-02 15:55:31 INFO  loginController:45 - LoginController : Inside the post methd
2025-09-02 15:55:31 INFO  loginController:61 - Login user
2025-09-02 16:01:48 INFO  JdbcUtilConnection:33 - class com.mysql.cj.jdbc.Driver
2025-09-02 16:01:48 INFO  loginController:45 - LoginController : Inside the post methd
2025-09-02 16:01:49 INFO  loginController:61 - Login user
2025-09-02 16:03:26 INFO  loginController:45 - LoginController : Inside the post methd
2025-09-02 16:03:26 INFO  loginController:61 - Login user
2025-09-02 16:03:37 INFO  ListOfProductController:59 - Fetched products: 10
2025-09-02 16:03:37 INFO  ListOfProductController:60 - Page: 1, Offset: 0
2025-09-02 16:04:06 INFO  OrderDaoImpl:45 - SUCESS : User Inserted Sucessfully...!
2025-09-02 16:05:35 INFO  OrderDaoImpl:45 - SUCESS : User Inserted Sucessfully...!
2025-09-02 16:10:39 INFO  loginController:45 - LoginController : Inside the post methd
2025-09-02 16:10:39 INFO  loginController:61 - Login user
2025-09-02 16:10:44 INFO  ListOfProductController:59 - Fetched products: 10
2025-09-02 16:10:44 INFO  ListOfProductController:60 - Page: 1, Offset: 0
2025-09-02 16:12:07 INFO  ListOfProductController:59 - Fetched products: 10
2025-09-02 16:12:07 INFO  ListOfProductController:60 - Page: 1, Offset: 0
2025-09-02 16:12:27 INFO  OrderDaoImpl:45 - SUCESS : User Inserted Sucessfully...!
2025-09-02 16:12:41 INFO  ListOfProductController:59 - Fetched products: 10
2025-09-02 16:12:41 INFO  ListOfProductController:60 - Page: 1, Offset: 0
2025-09-02 16:14:58 INFO  ListOfProductController:59 - Fetched products: 10
2025-09-02 16:14:58 INFO  ListOfProductController:60 - Page: 1, Offset: 0
2025-09-02 16:18:04 INFO  loginController:45 - LoginController : Inside the post methd
2025-09-02 16:18:04 INFO  loginController:61 - Login user
2025-09-02 16:18:05 INFO  ListOfProductController:59 - Fetched products: 10
2025-09-02 16:18:05 INFO  ListOfProductController:60 - Page: 1, Offset: 0
2025-09-02 16:18:08 INFO  OrderDaoImpl:45 - SUCESS : User Inserted Sucessfully...!
2025-09-02 16:18:23 INFO  loginController:45 - LoginController : Inside the post methd
2025-09-02 16:18:23 INFO  loginController:61 - Login user
2025-09-02 17:04:18 INFO  JdbcUtilConnection:33 - class com.mysql.cj.jdbc.Driver
2025-09-02 17:09:21 INFO  JdbcUtilConnection:33 - class com.mysql.cj.jdbc.Driver
2025-09-02 17:09:21 INFO  loginController:45 - LoginController : Inside the post methd
2025-09-02 17:09:23 INFO  loginController:61 - Login user
2025-09-02 17:11:31 INFO  JdbcUtilConnection:33 - class com.mysql.cj.jdbc.Driver
2025-09-02 17:13:06 INFO  loginController:45 - LoginController : Inside the post methd
2025-09-02 17:13:06 INFO  loginController:61 - Login user
2025-09-02 17:13:21 INFO  ListOfProductController:59 - Fetched products: 10
2025-09-02 17:13:21 INFO  ListOfProductController:60 - Page: 1, Offset: 0
2025-09-02 17:14:46 INFO  JdbcUtilConnection:33 - class com.mysql.cj.jdbc.Driver
2025-09-02 17:14:46 INFO  loginController:45 - LoginController : Inside the post methd
2025-09-02 17:14:47 INFO  loginController:61 - Login user
2025-09-02 17:25:32 INFO  loginController:45 - LoginController : Inside the post methd
2025-09-02 17:25:32 INFO  loginController:61 - Login user
2025-09-02 17:25:40 INFO  ListOfProductController:59 - Fetched products: 10
2025-09-02 17:25:40 INFO  ListOfProductController:60 - Page: 1, Offset: 0
2025-09-02 17:26:35 INFO  ListOfProductController:59 - Fetched products: 10
2025-09-02 17:26:35 INFO  ListOfProductController:60 - Page: 1, Offset: 0
2025-09-02 17:26:48 INFO  loginController:45 - LoginController : Inside the post methd
2025-09-02 17:26:48 INFO  loginController:61 - Login user
2025-09-02 17:28:25 INFO  JdbcUtilConnection:33 - class com.mysql.cj.jdbc.Driver
2025-09-02 17:28:37 INFO  ListOfProductController:59 - Fetched products: 10
2025-09-02 17:28:37 INFO  ListOfProductController:60 - Page: 1, Offset: 0
2025-09-02 17:28:40 INFO  ListOfProductController:59 - Fetched products: 6
2025-09-02 17:28:40 INFO  ListOfProductController:60 - Page: 5, Offset: 40
2025-09-02 17:28:51 INFO  ListOfProductController:59 - Fetched products: 10
2025-09-02 17:28:51 INFO  ListOfProductController:60 - Page: 1, Offset: 0
2025-09-02 17:29:07 INFO  loginController:45 - LoginController : Inside the post methd
2025-09-02 17:29:07 INFO  loginController:61 - Login user
2025-09-02 17:41:57 INFO  JdbcUtilConnection:33 - class com.mysql.cj.jdbc.Driver
2025-09-02 17:41:57 INFO  loginController:45 - LoginController : Inside the post methd
2025-09-02 17:42:00 INFO  loginController:61 - Login user
2025-09-02 17:43:32 INFO  loginController:45 - LoginController : Inside the post methd
2025-09-02 17:43:32 INFO  loginController:61 - Login user
2025-09-02 17:43:37 INFO  ListOfProductController:59 - Fetched products: 10
2025-09-02 17:43:37 INFO  ListOfProductController:60 - Page: 1, Offset: 0
2025-09-02 17:43:46 INFO  OrderDaoImpl:47 - SUCESS : User Inserted Sucessfully...!
2025-09-02 17:46:22 INFO  loginController:45 - LoginController : Inside the post methd
2025-09-02 17:46:22 INFO  loginController:61 - Login user
2025-09-02 17:46:37 INFO  ListOfProductController:59 - Fetched products: 10
2025-09-02 17:46:37 INFO  ListOfProductController:60 - Page: 1, Offset: 0
2025-09-02 17:46:46 INFO  OrderDaoImpl:47 - SUCESS : User Inserted Sucessfully...!
2025-09-02 18:01:29 INFO  CancelOrderController:44 - OrderId -: 97
2025-09-02 18:01:29 INFO  OrderDaoImpl:132 - SUCCESS: Order deleted successfully.
2025-09-02 18:14:14 INFO  ListOfProductController:59 - Fetched products: 10
2025-09-02 18:14:14 INFO  ListOfProductController:60 - Page: 1, Offset: 0
2025-09-02 18:14:25 INFO  ListOfProductController:59 - Fetched products: 10
2025-09-02 18:14:25 INFO  ListOfProductController:60 - Page: 1, Offset: 0
2025-09-02 18:14:44 INFO  loginController:45 - LoginController : Inside the post methd
2025-09-02 18:14:44 INFO  loginController:61 - Login user
2025-09-02 18:15:47 INFO  loginController:45 - LoginController : Inside the post methd
2025-09-02 18:15:47 INFO  loginController:61 - Login user
2025-09-02 18:15:52 INFO  ListOfProductController:59 - Fetched products: 10
2025-09-02 18:15:52 INFO  ListOfProductController:60 - Page: 1, Offset: 0
2025-09-02 18:16:22 INFO  ListOfProductController:59 - Fetched products: 10
2025-09-02 18:16:22 INFO  ListOfProductController:60 - Page: 1, Offset: 0
2025-09-02 18:16:38 INFO  OrderDaoImpl:47 - SUCESS : User Inserted Sucessfully...!
2025-09-02 18:17:48 INFO  loginController:45 - LoginController : Inside the post methd
2025-09-02 18:17:48 INFO  loginController:61 - Login user
2025-09-02 18:18:41 INFO  ListOfProductController:59 - Fetched products: 10
2025-09-02 18:18:41 INFO  ListOfProductController:60 - Page: 1, Offset: 0
2025-09-02 18:18:52 INFO  ListOfProductController:59 - Fetched products: 10
2025-09-02 18:18:52 INFO  ListOfProductController:60 - Page: 1, Offset: 0
2025-09-02 18:38:23 INFO  JdbcUtilConnection:33 - class com.mysql.cj.jdbc.Driver
2025-09-02 18:38:23 INFO  loginController:45 - LoginController : Inside the post methd
2025-09-02 18:38:24 INFO  loginController:45 - LoginController : Inside the post methd
2025-09-02 18:38:25 INFO  loginController:45 - LoginController : Inside the post methd
2025-09-02 18:38:26 INFO  loginController:61 - Login user
2025-09-02 18:38:26 INFO  loginController:61 - Login user
2025-09-02 18:38:26 INFO  loginController:61 - Login user
2025-09-02 18:41:35 INFO  ListOfProductController:59 - Fetched products: 10
2025-09-02 18:41:35 INFO  ListOfProductController:60 - Page: 1, Offset: 0
2025-09-02 18:47:39 INFO  JdbcUtilConnection:33 - class com.mysql.cj.jdbc.Driver
2025-09-02 18:47:39 INFO  loginController:45 - LoginController : Inside the post methd
2025-09-02 18:47:42 INFO  loginController:61 - Login user
2025-09-02 18:47:53 INFO  ListOfProductController:59 - Fetched products: 10
2025-09-02 18:47:53 INFO  ListOfProductController:60 - Page: 1, Offset: 0
2025-09-02 18:48:36 INFO  ListOfProductController:59 - Fetched products: 10
2025-09-02 18:48:36 INFO  ListOfProductController:60 - Page: 1, Offset: 0
2025-09-02 18:50:51 INFO  ListOfProductController:59 - Fetched products: 10
2025-09-02 18:50:51 INFO  ListOfProductController:60 - Page: 1, Offset: 0
2025-09-02 18:52:27 INFO  loginController:45 - LoginController : Inside the post methd
2025-09-02 18:52:27 INFO  loginController:61 - Login user
2025-09-02 18:52:31 INFO  ListOfProductController:59 - Fetched products: 10
2025-09-02 18:52:31 INFO  ListOfProductController:60 - Page: 1, Offset: 0
2025-09-02 18:54:51 INFO  ListOfProductController:59 - Fetched products: 10
2025-09-02 18:54:51 INFO  ListOfProductController:60 - Page: 1, Offset: 0
2025-09-02 18:54:54 INFO  ListOfProductController:59 - Fetched products: 10
2025-09-02 18:54:54 INFO  ListOfProductController:60 - Page: 1, Offset: 0
2025-09-02 18:58:25 INFO  ListOfProductController:59 - Fetched products: 10
2025-09-02 18:58:25 INFO  ListOfProductController:60 - Page: 1, Offset: 0
2025-09-02 18:59:00 INFO  loginController:45 - LoginController : Inside the post methd
2025-09-02 18:59:00 INFO  loginController:61 - Login user
2025-09-02 19:00:20 INFO  loginController:45 - LoginController : Inside the post methd
2025-09-02 19:00:20 INFO  loginController:61 - Login user
2025-09-02 19:00:22 INFO  ListOfProductController:59 - Fetched products: 10
2025-09-02 19:00:22 INFO  ListOfProductController:60 - Page: 1, Offset: 0
2025-09-02 19:06:18 INFO  OrderDaoImpl:47 - SUCESS : User Inserted Sucessfully...!
2025-09-02 19:07:31 INFO  ListOfProductController:59 - Fetched products: 10
2025-09-02 19:07:31 INFO  ListOfProductController:60 - Page: 1, Offset: 0
2025-09-02 19:09:33 INFO  ListOfProductController:59 - Fetched products: 10
2025-09-02 19:09:33 INFO  ListOfProductController:60 - Page: 1, Offset: 0
2025-09-02 19:09:34 INFO  ListOfProductController:59 - Fetched products: 10
2025-09-02 19:09:34 INFO  ListOfProductController:60 - Page: 1, Offset: 0
2025-09-02 19:09:34 INFO  ListOfProductController:59 - Fetched products: 10
2025-09-02 19:09:34 INFO  ListOfProductController:60 - Page: 1, Offset: 0
2025-09-02 19:10:34 INFO  ListOfProductController:59 - Fetched products: 10
2025-09-02 19:10:34 INFO  ListOfProductController:60 - Page: 1, Offset: 0
2025-09-02 19:10:34 INFO  ListOfProductController:59 - Fetched products: 10
2025-09-02 19:10:34 INFO  ListOfProductController:60 - Page: 1, Offset: 0
2025-09-02 19:10:43 INFO  ListOfProductController:59 - Fetched products: 10
2025-09-02 19:10:43 INFO  ListOfProductController:60 - Page: 1, Offset: 0
2025-09-02 19:12:32 INFO  loginController:45 - LoginController : Inside the post methd
2025-09-02 19:12:32 INFO  loginController:61 - Login user
2025-09-02 19:12:37 INFO  ListOfProductController:59 - Fetched products: 10
2025-09-02 19:12:37 INFO  ListOfProductController:60 - Page: 1, Offset: 0
2025-09-02 19:12:42 INFO  OrderDaoImpl:47 - SUCESS : User Inserted Sucessfully...!
2025-09-02 19:12:55 INFO  ListOfProductController:59 - Fetched products: 10
2025-09-02 19:12:55 INFO  ListOfProductController:60 - Page: 1, Offset: 0
2025-09-02 19:15:04 INFO  ListOfProductController:59 - Fetched products: 10
2025-09-02 19:15:04 INFO  ListOfProductController:60 - Page: 1, Offset: 0
2025-09-02 19:15:10 INFO  ListOfProductController:59 - Fetched products: 10
2025-09-02 19:15:10 INFO  ListOfProductController:60 - Page: 1, Offset: 0
2025-09-02 19:15:27 INFO  loginController:45 - LoginController : Inside the post methd
2025-09-02 19:15:27 INFO  loginController:61 - Login user
2025-09-02 19:31:12 INFO  ListOfProductController:59 - Fetched products: 10
2025-09-02 19:31:12 INFO  ListOfProductController:60 - Page: 1, Offset: 0
2025-09-02 19:31:42 INFO  loginController:45 - LoginController : Inside the post methd
2025-09-02 19:31:42 INFO  loginController:61 - Login user
2025-09-02 19:38:03 INFO  loginController:45 - LoginController : Inside the post methd
2025-09-02 19:38:03 INFO  loginController:61 - Login user
2025-09-02 19:38:06 INFO  ListOfProductController:59 - Fetched products: 10
2025-09-02 19:38:06 INFO  ListOfProductController:60 - Page: 1, Offset: 0
2025-09-02 19:38:13 INFO  OrderDaoImpl:47 - SUCESS : User Inserted Sucessfully...!
2025-09-02 19:38:19 INFO  CancelOrderController:44 - OrderId -: 135
2025-09-02 19:38:19 INFO  OrderDaoImpl:132 - SUCCESS: Order deleted successfully.
2025-09-02 19:38:24 INFO  CancelOrderController:44 - OrderId -: 134
2025-09-02 19:38:24 INFO  OrderDaoImpl:132 - SUCCESS: Order deleted successfully.
2025-09-02 19:38:27 INFO  CancelOrderController:44 - OrderId -: 98
2025-09-02 19:38:27 INFO  OrderDaoImpl:132 - SUCCESS: Order deleted successfully.
2025-09-02 19:38:29 INFO  CancelOrderController:44 - OrderId -: 99
2025-09-02 19:38:29 INFO  OrderDaoImpl:132 - SUCCESS: Order deleted successfully.
2025-09-02 19:38:32 INFO  CancelOrderController:44 - OrderId -: 102
2025-09-02 19:38:32 INFO  OrderDaoImpl:132 - SUCCESS: Order deleted successfully.
2025-09-02 19:38:34 INFO  CancelOrderController:44 - OrderId -: 105
2025-09-02 19:38:34 INFO  OrderDaoImpl:132 - SUCCESS: Order deleted successfully.
2025-09-02 19:38:38 INFO  CancelOrderController:44 - OrderId -: 107
2025-09-02 19:38:38 INFO  OrderDaoImpl:132 - SUCCESS: Order deleted successfully.
2025-09-02 19:38:40 INFO  CancelOrderController:44 - OrderId -: 108
2025-09-02 19:38:40 INFO  OrderDaoImpl:132 - SUCCESS: Order deleted successfully.
2025-09-02 19:38:43 INFO  CancelOrderController:44 - OrderId -: 110
2025-09-02 19:38:43 INFO  OrderDaoImpl:132 - SUCCESS: Order deleted successfully.
2025-09-02 19:38:45 INFO  CancelOrderController:44 - OrderId -: 112
2025-09-02 19:38:45 INFO  OrderDaoImpl:132 - SUCCESS: Order deleted successfully.
2025-09-02 19:39:22 INFO  loginController:45 - LoginController : Inside the post methd
2025-09-02 19:39:22 INFO  loginController:61 - Login user
2025-09-02 19:40:22 INFO  loginController:45 - LoginController : Inside the post methd
2025-09-02 19:40:22 INFO  loginController:61 - Login user
2025-09-02 19:40:27 INFO  ListOfProductController:59 - Fetched products: 10
2025-09-02 19:40:27 INFO  ListOfProductController:60 - Page: 1, Offset: 0
2025-09-02 19:40:38 INFO  ListOfProductController:59 - Fetched products: 10
2025-09-02 19:40:38 INFO  ListOfProductController:60 - Page: 1, Offset: 0
2025-09-02 19:40:50 INFO  ListOfProductController:59 - Fetched products: 10
2025-09-02 19:40:50 INFO  ListOfProductController:60 - Page: 1, Offset: 0
2025-09-02 19:41:54 INFO  ListOfProductController:59 - Fetched products: 10
2025-09-02 19:41:54 INFO  ListOfProductController:60 - Page: 1, Offset: 0
2025-09-02 19:41:54 INFO  ListOfProductController:59 - Fetched products: 10
2025-09-02 19:41:54 INFO  ListOfProductController:60 - Page: 1, Offset: 0
2025-09-02 19:41:56 INFO  ListOfProductController:59 - Fetched products: 10
2025-09-02 19:41:56 INFO  ListOfProductController:60 - Page: 1, Offset: 0
2025-09-02 19:41:56 INFO  ListOfProductController:59 - Fetched products: 10
2025-09-02 19:41:56 INFO  ListOfProductController:60 - Page: 1, Offset: 0
2025-09-02 19:41:56 INFO  ListOfProductController:59 - Fetched products: 10
2025-09-02 19:41:56 INFO  ListOfProductController:60 - Page: 1, Offset: 0
2025-09-02 19:43:17 INFO  ListOfProductController:59 - Fetched products: 10
2025-09-02 19:43:17 INFO  ListOfProductController:60 - Page: 1, Offset: 0
2025-09-02 19:43:17 INFO  ListOfProductController:59 - Fetched products: 10
2025-09-02 19:43:17 INFO  ListOfProductController:60 - Page: 1, Offset: 0
2025-09-02 19:43:17 INFO  ListOfProductController:59 - Fetched products: 10
2025-09-02 19:43:17 INFO  ListOfProductController:60 - Page: 1, Offset: 0
2025-09-02 19:43:30 INFO  ListOfProductController:59 - Fetched products: 10
2025-09-02 19:43:30 INFO  ListOfProductController:60 - Page: 1, Offset: 0
2025-09-02 19:43:30 INFO  ListOfProductController:59 - Fetched products: 10
2025-09-02 19:43:30 INFO  ListOfProductController:60 - Page: 1, Offset: 0
2025-09-02 19:45:19 INFO  ListOfProductController:59 - Fetched products: 10
2025-09-02 19:45:19 INFO  ListOfProductController:60 - Page: 1, Offset: 0
2025-09-02 19:45:19 INFO  ListOfProductController:59 - Fetched products: 10
2025-09-02 19:45:19 INFO  ListOfProductController:60 - Page: 1, Offset: 0
2025-09-02 19:45:23 INFO  ListOfProductController:59 - Fetched products: 10
2025-09-02 19:45:23 INFO  ListOfProductController:60 - Page: 2, Offset: 10
2025-09-02 19:47:34 INFO  loginController:45 - LoginController : Inside the post methd
2025-09-02 19:47:34 INFO  loginController:61 - Login user
2025-09-02 19:49:13 INFO  loginController:45 - LoginController : Inside the post methd
2025-09-02 19:49:13 INFO  loginController:61 - Login user
2025-09-02 19:49:19 INFO  ListOfProductController:59 - Fetched products: 10
2025-09-02 19:49:19 INFO  ListOfProductController:60 - Page: 1, Offset: 0
2025-09-02 19:50:16 INFO  ListOfProductController:59 - Fetched products: 10
2025-09-02 19:50:16 INFO  ListOfProductController:60 - Page: 1, Offset: 0
2025-09-02 19:50:16 INFO  ListOfProductController:59 - Fetched products: 10
2025-09-02 19:50:16 INFO  ListOfProductController:60 - Page: 1, Offset: 0
2025-09-02 19:50:19 INFO  OrderDaoImpl:47 - SUCESS : User Inserted Sucessfully...!
2025-09-02 19:50:27 INFO  OrderDaoImpl:47 - SUCESS : User Inserted Sucessfully...!
2025-09-02 19:50:30 INFO  ListOfProductController:59 - Fetched products: 10
2025-09-02 19:50:30 INFO  ListOfProductController:60 - Page: 1, Offset: 0
2025-09-02 19:50:34 INFO  OrderDaoImpl:47 - SUCESS : User Inserted Sucessfully...!
2025-09-02 19:50:39 INFO  ListOfProductController:59 - Fetched products: 10
2025-09-02 19:50:39 INFO  ListOfProductController:60 - Page: 1, Offset: 0
2025-09-02 20:09:43 INFO  JdbcUtilConnection:33 - class com.mysql.cj.jdbc.Driver
2025-09-02 20:13:51 INFO  JdbcUtilConnection:33 - class com.mysql.cj.jdbc.Driver
2025-09-03 09:17:16 INFO  JdbcUtilConnection:33 - class com.mysql.cj.jdbc.Driver
2025-09-03 09:17:16 INFO  loginController:45 - LoginController : Inside the post methd
2025-09-03 09:17:27 INFO  loginController:45 - LoginController : Inside the post methd
2025-09-03 09:19:38 INFO  JdbcUtilConnection:33 - class com.mysql.cj.jdbc.Driver
2025-09-03 09:19:38 INFO  loginController:45 - LoginController : Inside the post methd
2025-09-03 09:19:39 INFO  loginController:61 - Login user
2025-09-03 09:19:44 INFO  ListOfProductController:59 - Fetched products: 10
2025-09-03 09:19:44 INFO  ListOfProductController:60 - Page: 1, Offset: 0
2025-09-03 09:19:47 INFO  OrderDaoImpl:47 - SUCESS : User Inserted Sucessfully...!
2025-09-03 09:19:51 INFO  CancelOrderController:44 - OrderId -: 139
2025-09-03 09:19:51 INFO  OrderDaoImpl:132 - SUCCESS: Order deleted successfully.
2025-09-03 09:19:55 INFO  ListOfProductController:59 - Fetched products: 10
2025-09-03 09:19:55 INFO  ListOfProductController:60 - Page: 1, Offset: 0
2025-09-03 09:20:11 INFO  loginController:45 - LoginController : Inside the post methd
2025-09-03 09:20:11 INFO  loginController:61 - Login user
2025-09-03 09:40:50 INFO  loginController:45 - LoginController : Inside the post methd
2025-09-03 09:40:51 INFO  loginController:61 - Login user
2025-09-03 09:41:25 INFO  loginController:45 - LoginController : Inside the post methd
2025-09-03 09:41:25 INFO  loginController:61 - Login user
2025-09-03 09:41:27 INFO  ListOfProductController:59 - Fetched products: 10
2025-09-03 09:41:27 INFO  ListOfProductController:60 - Page: 1, Offset: 0
2025-09-03 09:41:30 INFO  OrderDaoImpl:47 - SUCESS : User Inserted Sucessfully...!
2025-09-03 09:41:32 INFO  CancelOrderController:44 - OrderId -: 130
2025-09-03 09:41:33 INFO  OrderDaoImpl:132 - SUCCESS: Order deleted successfully.
2025-09-03 09:41:36 INFO  ListOfProductController:59 - Fetched products: 10
2025-09-03 09:41:36 INFO  ListOfProductController:60 - Page: 1, Offset: 0
2025-09-03 09:41:42 INFO  ListOfProductController:59 - Fetched products: 10
2025-09-03 09:41:42 INFO  ListOfProductController:60 - Page: 1, Offset: 0
2025-09-03 09:45:41 INFO  JdbcUtilConnection:33 - class com.mysql.cj.jdbc.Driver
2025-09-03 09:51:12 INFO  JdbcUtilConnection:33 - class com.mysql.cj.jdbc.Driver
2025-09-03 09:51:47 INFO  JdbcUtilConnection:33 - class com.mysql.cj.jdbc.Driver
2025-09-03 09:51:47 INFO  loginController:45 - LoginController : Inside the post methd
2025-09-03 09:51:49 INFO  loginController:61 - Login user
2025-09-03 09:59:08 INFO  JdbcUtilConnection:33 - class com.mysql.cj.jdbc.Driver
2025-09-03 10:03:37 INFO  JdbcUtilConnection:33 - class com.mysql.cj.jdbc.Driver
2025-09-03 10:10:22 INFO  JdbcUtilConnection:33 - class com.mysql.cj.jdbc.Driver
2025-09-03 10:13:09 INFO  JdbcUtilConnection:33 - class com.mysql.cj.jdbc.Driver
2025-09-03 10:13:56 INFO  loginController:45 - LoginController : Inside the post methd
2025-09-03 10:13:57 INFO  loginController:61 - Login user
2025-09-03 10:14:00 INFO  ListOfProductController:59 - Fetched products: 10
2025-09-03 10:14:00 INFO  ListOfProductController:60 - Page: 1, Offset: 0
2025-09-03 10:14:01 INFO  ListOfProductController:59 - Fetched products: 6
2025-09-03 10:14:01 INFO  ListOfProductController:60 - Page: 5, Offset: 40
2025-09-03 10:14:05 INFO  OrderDaoImpl:47 - SUCESS : User Inserted Sucessfully...!
2025-09-03 10:14:23 INFO  CancelOrderController:44 - OrderId -: 141
2025-09-03 10:14:23 INFO  OrderDaoImpl:132 - SUCCESS: Order deleted successfully.
2025-09-03 10:14:45 INFO  loginController:45 - LoginController : Inside the post methd
2025-09-03 10:14:45 INFO  loginController:61 - Login user
2025-09-03 10:22:59 INFO  JdbcUtilConnection:33 - class com.mysql.cj.jdbc.Driver
2025-09-03 10:25:10 INFO  JdbcUtilConnection:33 - class com.mysql.cj.jdbc.Driver
2025-09-03 10:26:19 INFO  JdbcUtilConnection:33 - class com.mysql.cj.jdbc.Driver
2025-09-03 10:33:21 INFO  JdbcUtilConnection:33 - class com.mysql.cj.jdbc.Driver
2025-09-03 10:40:46 INFO  JdbcUtilConnection:33 - class com.mysql.cj.jdbc.Driver
2025-09-03 10:50:55 INFO  JdbcUtilConnection:33 - class com.mysql.cj.jdbc.Driver
2025-09-03 11:06:29 INFO  JdbcUtilConnection:33 - class com.mysql.cj.jdbc.Driver
2025-09-03 11:06:29 INFO  loginController:45 - LoginController : Inside the post methd
2025-09-03 11:06:31 INFO  loginController:61 - Login user
2025-09-03 11:06:33 INFO  ListOfProductController:59 - Fetched products: 10
2025-09-03 11:06:33 INFO  ListOfProductController:60 - Page: 1, Offset: 0
2025-09-03 11:06:36 INFO  OrderDaoImpl:47 - SUCESS : User Inserted Sucessfully...!
2025-09-03 11:06:39 INFO  CancelOrderController:44 - OrderId -: 121
2025-09-03 11:06:39 INFO  OrderDaoImpl:132 - SUCCESS: Order deleted successfully.
2025-09-03 11:06:51 INFO  loginController:45 - LoginController : Inside the post methd
2025-09-03 11:06:51 INFO  loginController:61 - Login user
2025-09-03 11:29:07 INFO  JdbcUtilConnection:33 - class com.mysql.cj.jdbc.Driver
2025-09-03 11:29:07 INFO  loginController:45 - LoginController : Inside the post methd
2025-09-03 11:29:15 INFO  loginController:45 - LoginController : Inside the post methd
2025-09-03 11:29:15 INFO  loginController:61 - Login user
2025-09-03 11:29:18 INFO  ListOfProductController:59 - Fetched products: 10
2025-09-03 11:29:18 INFO  ListOfProductController:60 - Page: 1, Offset: 0
2025-09-03 11:29:20 INFO  OrderDaoImpl:47 - SUCESS : User Inserted Sucessfully...!
2025-09-03 11:29:22 INFO  CancelOrderController:44 - OrderId -: 116
2025-09-03 11:29:22 INFO  OrderDaoImpl:132 - SUCCESS: Order deleted successfully.
2025-09-03 11:29:35 INFO  loginController:45 - LoginController : Inside the post methd
2025-09-03 11:29:35 INFO  loginController:61 - Login user
2025-09-03 11:37:16 INFO  JdbcUtilConnection:33 - class com.mysql.cj.jdbc.Driver
2025-09-03 11:48:54 INFO  JdbcUtilConnection:33 - class com.mysql.cj.jdbc.Driver
2025-09-03 11:53:19 INFO  JdbcUtilConnection:33 - class com.mysql.cj.jdbc.Driver
2025-09-03 11:59:38 INFO  JdbcUtilConnection:33 - class com.mysql.cj.jdbc.Driver
2025-09-03 12:05:40 INFO  JdbcUtilConnection:33 - class com.mysql.cj.jdbc.Driver
2025-09-03 12:11:24 INFO  JdbcUtilConnection:33 - class com.mysql.cj.jdbc.Driver
2025-09-03 12:11:24 INFO  UserRegistrationController:112 - Inside the do post method.....User Register
2025-09-03 12:12:16 INFO  loginController:45 - LoginController : Inside the post methd
2025-09-03 12:15:54 INFO  JdbcUtilConnection:33 - class com.mysql.cj.jdbc.Driver
2025-09-03 12:15:54 INFO  UserRegistrationController:112 - Inside the do post method.....User Register
2025-09-03 12:18:05 INFO  JdbcUtilConnection:33 - class com.mysql.cj.jdbc.Driver
2025-09-03 12:18:05 INFO  UserRegistrationController:112 - Inside the do post method.....User Register
2025-09-03 12:18:05 INFO  UserDaoImpl:36 - 2
2025-09-03 12:18:07 INFO  UserDaoImpl:56 - SUCESS : User Inserted Sucessfully...!
2025-09-03 12:33:08 INFO  loginController:45 - LoginController : Inside the post methd
2025-09-03 12:33:09 INFO  loginController:61 - Login user
2025-09-03 12:33:09 INFO  ListOfProductController:59 - Fetched products: 10
2025-09-03 12:33:09 INFO  ListOfProductController:60 - Page: 1, Offset: 0
2025-09-03 12:33:23 INFO  OrderDaoImpl:47 - SUCESS : User Inserted Sucessfully...!
2025-09-03 12:51:36 INFO  JdbcUtilConnection:33 - class com.mysql.cj.jdbc.Driver
2025-09-03 12:51:36 INFO  loginController:45 - LoginController : Inside the post methd
2025-09-03 12:51:38 INFO  loginController:61 - Login user
2025-09-03 12:51:38 INFO  ListOfProductController:59 - Fetched products: 10
2025-09-03 12:51:38 INFO  ListOfProductController:60 - Page: 1, Offset: 0
2025-09-03 12:51:42 INFO  OrderDaoImpl:47 - SUCESS : User Inserted Sucessfully...!
2025-09-03 15:02:48 INFO  JdbcUtilConnection:33 - class com.mysql.cj.jdbc.Driver
2025-09-03 15:02:48 INFO  loginController:45 - LoginController : Inside the post methd
2025-09-03 15:02:49 INFO  loginController:61 - Login user
2025-09-03 15:02:49 INFO  ListOfProductController:59 - Fetched products: 10
2025-09-03 15:02:49 INFO  ListOfProductController:60 - Page: 1, Offset: 0
2025-09-03 15:02:57 INFO  OrderDaoImpl:47 - SUCESS : User Inserted Sucessfully...!
2025-09-03 15:17:26 INFO  JdbcUtilConnection:33 - class com.mysql.cj.jdbc.Driver
2025-09-03 15:17:26 INFO  loginController:45 - LoginController : Inside the post methd
2025-09-03 15:17:28 INFO  loginController:61 - Login user
2025-09-03 15:17:28 INFO  ListOfProductController:59 - Fetched products: 10
2025-09-03 15:17:28 INFO  ListOfProductController:60 - Page: 1, Offset: 0
2025-09-03 15:17:31 INFO  OrderDaoImpl:47 - SUCESS : User Inserted Sucessfully...!
2025-09-03 15:17:35 INFO  CancelOrderController:44 - OrderId -: 117
2025-09-03 15:17:35 INFO  OrderDaoImpl:132 - SUCCESS: Order deleted successfully.
2025-09-03 15:28:43 INFO  OrderDaoImpl:47 - SUCESS : User Inserted Sucessfully...!
2025-09-03 15:28:46 INFO  CancelOrderController:44 - OrderId -: 148
2025-09-03 15:28:46 INFO  OrderDaoImpl:132 - SUCCESS: Order deleted successfully.
2025-09-03 15:28:48 INFO  CancelOrderController:44 - OrderId -: 118
2025-09-03 15:28:48 INFO  OrderDaoImpl:132 - SUCCESS: Order deleted successfully.
2025-09-03 16:39:19 INFO  JdbcUtilConnection:33 - class com.mysql.cj.jdbc.Driver
2025-09-03 16:39:19 INFO  UserRegistrationController:112 - Inside the do post method.....User Register
2025-09-03 16:39:19 INFO  UserDaoImpl:37 - 2
2025-09-03 16:44:49 INFO  UserRegistrationController:112 - Inside the do post method.....User Register
2025-09-03 16:44:49 INFO  UserDaoImpl:37 - 2
2025-09-03 16:44:50 INFO  UserDaoImpl:61 - SUCESS : User Inserted Sucessfully...!
2025-09-03 16:45:22 INFO  loginController:45 - LoginController : Inside the post methd
2025-09-03 16:46:37 INFO  UserRegistrationController:112 - Inside the do post method.....User Register
2025-09-03 16:46:37 INFO  UserDaoImpl:37 - 2
2025-09-03 16:46:37 INFO  UserDaoImpl:61 - SUCESS : User Inserted Sucessfully...!
2025-09-03 16:47:05 INFO  loginController:45 - LoginController : Inside the post methd
2025-09-03 16:55:02 INFO  JdbcUtilConnection:33 - class com.mysql.cj.jdbc.Driver
2025-09-03 16:55:02 INFO  loginController:45 - LoginController : Inside the post methd
2025-09-03 16:56:02 INFO  JdbcUtilConnection:33 - class com.mysql.cj.jdbc.Driver
2025-09-03 16:56:02 INFO  loginController:45 - LoginController : Inside the post methd
2025-09-03 17:01:31 INFO  JdbcUtilConnection:33 - class com.mysql.cj.jdbc.Driver
2025-09-03 17:01:31 INFO  loginController:45 - LoginController : Inside the post methd
2025-09-03 17:01:33 INFO  loginController:61 - Login user
2025-09-03 17:01:34 INFO  ListOfProductController:59 - Fetched products: 10
2025-09-03 17:01:34 INFO  ListOfProductController:60 - Page: 1, Offset: 0
2025-09-03 17:01:43 INFO  OrderDaoImpl:47 - SUCESS : User Inserted Sucessfully...!
2025-09-03 17:10:02 INFO  OrderDaoImpl:47 - SUCESS : User Inserted Sucessfully...!
2025-09-03 17:42:45 INFO  JdbcUtilConnection:33 - class com.mysql.cj.jdbc.Driver
2025-09-03 17:42:45 INFO  loginController:45 - LoginController : Inside the post methd
2025-09-03 17:42:47 INFO  loginController:61 - Login user
2025-09-03 17:42:47 INFO  ListOfProductController:59 - Fetched products: 10
2025-09-03 17:42:47 INFO  ListOfProductController:60 - Page: 1, Offset: 0
2025-09-03 17:42:55 INFO  ListOfProductController:59 - Fetched products: 10
2025-09-03 17:42:55 INFO  ListOfProductController:60 - Page: 1, Offset: 0
2025-09-03 17:43:00 INFO  OrderDaoImpl:47 - SUCESS : User Inserted Sucessfully...!
2025-09-03 17:43:03 INFO  CancelOrderController:44 - OrderId -: 151
2025-09-03 17:43:03 INFO  OrderDaoImpl:132 - SUCCESS: Order deleted successfully.
2025-09-03 17:43:28 INFO  ListOfProductController:59 - Fetched products: 10
2025-09-03 17:43:28 INFO  ListOfProductController:60 - Page: 1, Offset: 0
2025-09-03 17:49:33 INFO  JdbcUtilConnection:33 - class com.mysql.cj.jdbc.Driver
2025-09-03 17:49:33 INFO  UserRegistrationController:112 - Inside the do post method.....User Register
2025-09-03 17:49:33 INFO  UserDaoImpl:37 - 2
2025-09-03 17:49:34 INFO  UserDaoImpl:61 - SUCESS : User Inserted Sucessfully...!
2025-09-03 17:49:50 INFO  loginController:45 - LoginController : Inside the post methd
2025-09-03 17:49:51 INFO  loginController:61 - Login user
2025-09-03 17:51:40 INFO  JdbcUtilConnection:33 - class com.mysql.cj.jdbc.Driver
2025-09-03 17:51:40 INFO  loginController:45 - LoginController : Inside the post methd
2025-09-03 17:51:41 INFO  loginController:61 - Login user
2025-09-03 17:52:48 INFO  loginController:45 - LoginController : Inside the post methd
2025-09-03 17:52:48 INFO  loginController:61 - Login user
2025-09-03 17:52:48 INFO  ListOfProductController:59 - Fetched products: 10
2025-09-03 17:52:48 INFO  ListOfProductController:60 - Page: 1, Offset: 0
2025-09-03 17:53:43 INFO  ListOfProductController:59 - Fetched products: 10
2025-09-03 17:53:43 INFO  ListOfProductController:60 - Page: 1, Offset: 0
2025-09-04 12:48:26 INFO  JdbcUtilConnection:33 - class com.mysql.cj.jdbc.Driver
2025-09-04 12:48:26 INFO  loginController:45 - LoginController : Inside the post methd
2025-09-04 12:48:28 INFO  loginController:61 - Login user
2025-09-04 12:48:28 INFO  ListOfProductController:59 - Fetched products: 10
2025-09-04 12:48:28 INFO  ListOfProductController:60 - Page: 1, Offset: 0
2025-09-04 12:48:33 INFO  OrderDaoImpl:47 - SUCESS : User Inserted Sucessfully...!
2025-09-04 12:49:42 INFO  loginController:45 - LoginController : Inside the post methd
2025-09-04 12:49:42 INFO  loginController:61 - Login user
2025-09-04 15:31:15 INFO  JdbcUtilConnection:33 - class com.mysql.cj.jdbc.Driver
2025-09-04 15:31:15 INFO  loginController:45 - LoginController : Inside the post methd
2025-09-04 15:31:18 INFO  loginController:61 - Login user
2025-09-04 15:31:19 INFO  ListOfProductController:59 - Fetched products: 10
2025-09-04 15:31:19 INFO  ListOfProductController:60 - Page: 1, Offset: 0
2025-09-04 15:31:24 INFO  OrderDaoImpl:47 - SUCESS : User Inserted Sucessfully...!
2025-09-04 16:20:50 INFO  JdbcUtilConnection:33 - class com.mysql.cj.jdbc.Driver
2025-09-04 16:20:50 INFO  loginController:45 - LoginController : Inside the post methd
2025-09-04 16:20:54 INFO  loginController:61 - Login user
2025-09-04 16:20:54 INFO  ListOfProductController:59 - Fetched products: 10
2025-09-04 16:20:54 INFO  ListOfProductController:60 - Page: 1, Offset: 0
2025-09-04 16:21:00 INFO  OrderDaoImpl:48 - SUCESS : User Inserted Sucessfully...!
2025-09-04 16:21:08 INFO  CancelOrderController:44 - OrderId -: 154
2025-09-04 16:21:08 INFO  OrderDaoImpl:133 - SUCCESS: Order deleted successfully.
2025-09-04 16:32:26 INFO  JdbcUtilConnection:33 - class com.mysql.cj.jdbc.Driver
2025-09-04 16:32:26 INFO  loginController:45 - LoginController : Inside the post methd
2025-09-04 16:32:30 INFO  loginController:61 - Login user
2025-09-04 16:32:30 INFO  ListOfProductController:59 - Fetched products: 10
2025-09-04 16:32:30 INFO  ListOfProductController:60 - Page: 1, Offset: 0
2025-09-04 16:32:38 INFO  OrderDaoImpl:48 - SUCESS : User Inserted Sucessfully...!
2025-09-04 16:37:24 INFO  JdbcUtilConnection:33 - class com.mysql.cj.jdbc.Driver
2025-09-04 16:38:41 INFO  JdbcUtilConnection:33 - class com.mysql.cj.jdbc.Driver
2025-09-04 16:42:11 INFO  JdbcUtilConnection:33 - class com.mysql.cj.jdbc.Driver
2025-09-04 16:42:11 INFO  loginController:45 - LoginController : Inside the post methd
2025-09-04 16:42:14 INFO  loginController:61 - Login user
2025-09-04 16:42:14 INFO  ListOfProductController:59 - Fetched products: 10
2025-09-04 16:42:14 INFO  ListOfProductController:60 - Page: 1, Offset: 0
2025-09-04 16:42:18 INFO  OrderDaoImpl:48 - SUCESS : User Inserted Sucessfully...!
2025-09-04 16:43:18 INFO  JdbcUtilConnection:33 - class com.mysql.cj.jdbc.Driver
2025-09-04 16:43:31 INFO  JdbcUtilConnection:33 - class com.mysql.cj.jdbc.Driver
2025-09-04 16:48:04 INFO  JdbcUtilConnection:33 - class com.mysql.cj.jdbc.Driver
2025-09-04 16:48:45 INFO  JdbcUtilConnection:33 - class com.mysql.cj.jdbc.Driver
2025-09-04 16:50:47 INFO  JdbcUtilConnection:33 - class com.mysql.cj.jdbc.Driver
2025-09-04 16:51:26 INFO  JdbcUtilConnection:33 - class com.mysql.cj.jdbc.Driver
2025-09-08 09:11:18 INFO  JdbcUtilConnection:33 - class com.mysql.cj.jdbc.Driver
2025-09-08 09:11:18 INFO  loginController:45 - LoginController : Inside the post methd
2025-09-08 09:11:20 INFO  loginController:61 - Login user
2025-09-08 09:11:20 INFO  ListOfProductController:59 - Fetched products: 10
2025-09-08 09:11:20 INFO  ListOfProductController:60 - Page: 1, Offset: 0
2025-09-08 09:11:23 INFO  OrderDaoImpl:48 - SUCESS : User Inserted Sucessfully...!
2025-09-08 09:18:10 INFO  JdbcUtilConnection:33 - class com.mysql.cj.jdbc.Driver
2025-09-08 09:22:39 INFO  JdbcUtilConnection:33 - class com.mysql.cj.jdbc.Driver
2025-09-08 09:23:38 INFO  JdbcUtilConnection:33 - class com.mysql.cj.jdbc.Driver
2025-09-08 09:24:48 INFO  JdbcUtilConnection:33 - class com.mysql.cj.jdbc.Driver
2025-09-08 09:24:48 INFO  loginController:45 - LoginController : Inside the post methd
2025-09-08 09:24:49 INFO  loginController:61 - Login user
2025-09-08 09:24:49 INFO  ListOfProductController:59 - Fetched products: 10
2025-09-08 09:24:49 INFO  ListOfProductController:60 - Page: 1, Offset: 0
2025-09-08 09:24:54 INFO  OrderDaoImpl:48 - SUCESS : User Inserted Sucessfully...!
2025-09-08 09:28:30 INFO  JdbcUtilConnection:33 - class com.mysql.cj.jdbc.Driver
2025-09-08 09:28:30 INFO  loginController:45 - LoginController : Inside the post methd
2025-09-08 09:28:32 INFO  loginController:61 - Login user
2025-09-08 09:28:32 INFO  ListOfProductController:59 - Fetched products: 10
2025-09-08 09:28:32 INFO  ListOfProductController:60 - Page: 1, Offset: 0
2025-09-08 09:28:35 INFO  OrderDaoImpl:48 - SUCESS : User Inserted Sucessfully...!
2025-09-08 09:29:36 INFO  JdbcUtilConnection:33 - class com.mysql.cj.jdbc.Driver
2025-09-08 09:29:36 INFO  loginController:45 - LoginController : Inside the post methd
2025-09-08 09:29:38 INFO  loginController:61 - Login user
2025-09-08 09:29:38 INFO  ListOfProductController:59 - Fetched products: 10
2025-09-08 09:29:38 INFO  ListOfProductController:60 - Page: 1, Offset: 0
2025-09-08 09:29:40 INFO  OrderDaoImpl:48 - SUCESS : User Inserted Sucessfully...!
2025-09-08 10:24:25 INFO  JdbcUtilConnection:33 - class com.mysql.cj.jdbc.Driver
2025-09-08 10:24:25 INFO  loginController:45 - LoginController : Inside the post methd
2025-09-08 10:24:27 INFO  loginController:61 - Login user
2025-09-08 10:24:27 INFO  ListOfProductController:59 - Fetched products: 10
2025-09-08 10:24:27 INFO  ListOfProductController:60 - Page: 1, Offset: 0
2025-09-08 10:24:30 INFO  OrderDaoImpl:48 - SUCESS : User Inserted Sucessfully...!
2025-09-08 10:24:48 INFO  CancelOrderController:44 - OrderId -: 150
2025-09-08 10:24:48 INFO  OrderDaoImpl:133 - SUCCESS: Order deleted successfully.
2025-09-08 10:26:10 INFO  JdbcUtilConnection:33 - class com.mysql.cj.jdbc.Driver
2025-09-08 10:26:11 INFO  loginController:45 - LoginController : Inside the post methd
2025-09-08 10:26:12 INFO  loginController:61 - Login user
2025-09-08 10:26:12 INFO  ListOfProductController:59 - Fetched products: 10
2025-09-08 10:26:12 INFO  ListOfProductController:60 - Page: 1, Offset: 0
2025-09-08 10:26:15 INFO  OrderDaoImpl:48 - SUCESS : User Inserted Sucessfully...!
2025-09-08 10:27:38 INFO  JdbcUtilConnection:33 - class com.mysql.cj.jdbc.Driver
2025-09-08 10:27:38 INFO  loginController:45 - LoginController : Inside the post methd
2025-09-08 10:27:38 INFO  loginController:45 - LoginController : Inside the post methd
2025-09-08 10:27:40 INFO  loginController:61 - Login user
2025-09-08 10:27:40 INFO  loginController:61 - Login user
2025-09-08 10:27:40 INFO  ListOfProductController:59 - Fetched products: 10
2025-09-08 10:27:40 INFO  ListOfProductController:60 - Page: 1, Offset: 0
2025-09-08 10:27:42 INFO  OrderDaoImpl:48 - SUCESS : User Inserted Sucessfully...!
2025-09-08 10:45:21 INFO  JdbcUtilConnection:33 - class com.mysql.cj.jdbc.Driver
2025-09-08 10:45:21 INFO  loginController:45 - LoginController : Inside the post methd
2025-09-08 10:45:23 INFO  loginController:61 - Login user
2025-09-08 10:45:23 INFO  ListOfProductController:59 - Fetched products: 10
2025-09-08 10:45:23 INFO  ListOfProductController:60 - Page: 1, Offset: 0
2025-09-08 10:45:25 INFO  OrderDaoImpl:48 - SUCESS : User Inserted Sucessfully...!
2025-09-08 10:46:43 INFO  JdbcUtilConnection:33 - class com.mysql.cj.jdbc.Driver
2025-09-08 10:46:43 INFO  loginController:45 - LoginController : Inside the post methd
2025-09-08 10:46:44 INFO  loginController:61 - Login user
2025-09-08 10:46:44 INFO  ListOfProductController:59 - Fetched products: 10
2025-09-08 10:46:44 INFO  ListOfProductController:60 - Page: 1, Offset: 0
2025-09-08 10:46:47 INFO  OrderDaoImpl:48 - SUCESS : User Inserted Sucessfully...!
2025-09-08 10:49:03 INFO  JdbcUtilConnection:33 - class com.mysql.cj.jdbc.Driver
2025-09-08 10:58:12 INFO  CancelOrderController:44 - OrderId -: 149
2025-09-08 10:58:13 INFO  OrderDaoImpl:133 - SUCCESS: Order deleted successfully.
2025-09-08 11:01:21 INFO  JdbcUtilConnection:33 - class com.mysql.cj.jdbc.Driver
2025-09-08 11:02:51 INFO  JdbcUtilConnection:33 - class com.mysql.cj.jdbc.Driver
2025-09-08 11:06:52 INFO  JdbcUtilConnection:33 - class com.mysql.cj.jdbc.Driver
2025-09-08 11:25:53 INFO  JdbcUtilConnection:33 - class com.mysql.cj.jdbc.Driver
2025-09-08 11:26:49 INFO  JdbcUtilConnection:33 - class com.mysql.cj.jdbc.Driver
2025-09-08 11:26:49 INFO  loginController:45 - LoginController : Inside the post methd
2025-09-08 11:26:51 INFO  loginController:61 - Login user
2025-09-08 11:26:51 INFO  ListOfProductController:59 - Fetched products: 10
2025-09-08 11:26:51 INFO  ListOfProductController:60 - Page: 1, Offset: 0
2025-09-08 11:26:53 INFO  OrderDaoImpl:48 - SUCESS : User Inserted Sucessfully...!
2025-09-08 11:29:00 INFO  JdbcUtilConnection:33 - class com.mysql.cj.jdbc.Driver
2025-09-08 11:31:58 INFO  JdbcUtilConnection:33 - class com.mysql.cj.jdbc.Driver
2025-09-08 11:32:02 INFO  JdbcUtilConnection:33 - class com.mysql.cj.jdbc.Driver
2025-09-08 11:33:07 INFO  JdbcUtilConnection:33 - class com.mysql.cj.jdbc.Driver
2025-09-08 11:39:29 INFO  JdbcUtilConnection:33 - class com.mysql.cj.jdbc.Driver
2025-09-08 11:40:31 INFO  JdbcUtilConnection:33 - class com.mysql.cj.jdbc.Driver
2025-09-08 11:41:46 INFO  JdbcUtilConnection:33 - class com.mysql.cj.jdbc.Driver
2025-09-08 14:00:12 INFO  JdbcUtilConnection:33 - class com.mysql.cj.jdbc.Driver
2025-09-08 14:00:12 INFO  loginController:45 - LoginController : Inside the post methd
2025-09-08 14:00:15 INFO  loginController:45 - LoginController : Inside the post methd
2025-09-08 14:00:15 INFO  loginController:61 - Login user
2025-09-08 14:00:15 INFO  loginController:61 - Login user
2025-09-08 14:00:16 INFO  ListOfProductController:59 - Fetched products: 10
2025-09-08 14:00:16 INFO  ListOfProductController:60 - Page: 1, Offset: 0
2025-09-08 14:00:23 INFO  OrderDaoImpl:48 - SUCESS : User Inserted Sucessfully...!
2025-09-08 14:00:35 INFO  CancelOrderController:44 - OrderId -: 167
2025-09-08 14:00:35 INFO  OrderDaoImpl:133 - SUCCESS: Order deleted successfully.
2025-09-08 14:00:39 INFO  CancelOrderController:44 - OrderId -: 166
2025-09-08 14:00:39 INFO  OrderDaoImpl:133 - SUCCESS: Order deleted successfully.
2025-09-08 14:00:42 INFO  CancelOrderController:44 - OrderId -: 165
2025-09-08 14:00:42 INFO  OrderDaoImpl:133 - SUCCESS: Order deleted successfully.
2025-09-08 14:01:04 INFO  OrderDaoImpl:48 - SUCESS : User Inserted Sucessfully...!
2025-09-08 14:01:27 INFO  CancelOrderController:44 - OrderId -: 168
2025-09-08 14:01:27 INFO  OrderDaoImpl:133 - SUCCESS: Order deleted successfully.
2025-09-08 14:01:32 INFO  ListOfProductController:59 - Fetched products: 10
2025-09-08 14:01:32 INFO  ListOfProductController:60 - Page: 1, Offset: 0
2025-09-08 14:02:23 INFO  loginController:45 - LoginController : Inside the post methd
2025-09-08 14:02:23 INFO  loginController:61 - Login user
2025-09-08 14:02:24 INFO  ListOfProductController:59 - Fetched products: 10
2025-09-08 14:02:24 INFO  ListOfProductController:60 - Page: 1, Offset: 0
2025-09-08 14:03:28 INFO  loginController:45 - LoginController : Inside the post methd
2025-09-08 14:03:28 INFO  loginController:61 - Login user
2025-09-08 14:03:32 INFO  JdbcUtilConnection:33 - class com.mysql.cj.jdbc.Driver
2025-09-08 14:03:33 INFO  ListOfProductController:59 - Fetched products: 10
2025-09-08 14:03:33 INFO  ListOfProductController:60 - Page: 1, Offset: 0
2025-09-08 14:03:35 INFO  ListOfProductController:59 - Fetched products: 10
2025-09-08 14:03:35 INFO  ListOfProductController:60 - Page: 1, Offset: 0
2025-09-08 14:03:36 INFO  ListOfProductController:59 - Fetched products: 10
2025-09-08 14:03:36 INFO  ListOfProductController:60 - Page: 1, Offset: 0
2025-09-08 14:04:13 INFO  JdbcUtilConnection:33 - class com.mysql.cj.jdbc.Driver
2025-09-08 14:04:13 INFO  loginController:45 - LoginController : Inside the post methd
2025-09-08 14:04:16 INFO  loginController:61 - Login user
2025-09-08 14:04:20 INFO  ListOfProductController:59 - Fetched products: 10
2025-09-08 14:04:20 INFO  ListOfProductController:60 - Page: 1, Offset: 0
2025-09-08 14:04:23 INFO  OrderDaoImpl:48 - SUCESS : User Inserted Sucessfully...!
2025-09-08 14:04:46 INFO  loginController:45 - LoginController : Inside the post methd
2025-09-08 14:04:47 INFO  loginController:61 - Login user
2025-09-10 16:04:59 INFO  JdbcUtilConnection:33 - class com.mysql.cj.jdbc.Driver
2025-09-10 16:04:59 INFO  loginController:45 - LoginController : Inside the post methd
2025-09-10 16:05:03 INFO  loginController:61 - Login user
2025-09-10 16:05:18 INFO  loginController:45 - LoginController : Inside the post methd
2025-09-10 16:05:19 INFO  loginController:61 - Login user
2025-09-10 16:05:21 INFO  ListOfProductController:59 - Fetched products: 10
2025-09-10 16:05:21 INFO  ListOfProductController:60 - Page: 1, Offset: 0
2025-09-10 16:05:25 INFO  OrderDaoImpl:48 - SUCESS : User Inserted Sucessfully...!
2025-09-10 16:05:36 INFO  CancelOrderController:44 - OrderId -: 170
2025-09-10 16:05:36 INFO  OrderDaoImpl:133 - SUCCESS: Order deleted successfully.
2025-09-10 16:05:38 INFO  ListOfProductController:59 - Fetched products: 10
2025-09-10 16:05:38 INFO  ListOfProductController:60 - Page: 1, Offset: 0
2025-09-10 16:06:21 INFO  loginController:45 - LoginController : Inside the post methd
2025-09-10 16:06:21 INFO  loginController:61 - Login user
2025-09-24 18:46:05 INFO  JdbcUtilConnection:33 - class com.mysql.cj.jdbc.Driver
2025-09-24 18:46:07 INFO  JdbcUtilTest:32 - com.mysql.cj.jdbc.ClientPreparedStatement: INSERT INTO `ordermangement`.`testorder` (`id`, `name`, `short_description`) VALUES (1, 'Siddhant','Java , C++');
